<?xml version="1.0" encoding="UTF-8"?>
<!-- Generated by org.testng.reporters.JUnitReportReporter -->
<testsuite hostname="SanaZehra" failures="0" tests="3" name="demo.OrangeHRM" time="25.652" errors="0" timestamp="2025-04-23T06:14:38 PDT" skipped="0">
  <testcase classname="demo.OrangeHRM" name="loginOrangeHRM" time="5.422"/>
  <testcase classname="demo.OrangeHRM" name="helpOrangeHRM" time="19.298"/>
  <testcase classname="demo.OrangeHRM" name="logoutOrangeHRM" time="0.932"/>
</testsuite> <!-- demo.OrangeHRM -->
