<?xml version="1.0" encoding="UTF-8"?>
<!-- Generated by org.testng.reporters.JUnitReportReporter -->
<testsuite hostname="SanaZehra" failures="0" tests="2" name="demo.OrangeHRM" time="5.287" errors="0" timestamp="2025-04-07T05:12:14 PDT" skipped="0">
  <testcase classname="demo.OrangeHRM" name="loginOrangeHRM" time="2.017"/>
  <testcase classname="demo.OrangeHRM" name="logoutOrangeHRM" time="3.270"/>
</testsuite> <!-- demo.OrangeHRM -->
